
asm5,2.elf:     file format elf32-littlearm


Disassembly of section .text:

20000000 <start>:
@
@	mom5 nytt försök
@

start:	LDR	R6,=0x55555555	@"Precis 0x55555555 till R0"
20000000:	4e05      	ldr	r6, [pc, #20]	; (20000018 <main+0xe>)
	LDR	R5,=0x40020C00	@ konfig port D, samma som ovan
20000002:	4d06      	ldr	r5, [pc, #24]	; (2000001c <main+0x12>)
	STR	R6,[R5]		@ Lagra R0 på M(R1), alltså adress 0x40020C00
20000004:	602e      	str	r6, [r5, #0]

	LDR	R5,=0x40020C14	@ utport GPIO D: Laddar R1 med =0x40020C14
20000006:	4d06      	ldr	r5, [pc, #24]	; (20000020 <main+0x16>)
	LDR	R6,=0x40021010	@ inport GPIO E: Samma som ovan ish
20000008:	4e06      	ldr	r6, [pc, #24]	; (20000024 <main+0x1a>)

2000000a <main>:

main:	LDRB	R0,[R6]
2000000a:	7830      	ldrb	r0, [r6, #0]
	SXTB	R0,R0
2000000c:	b240      	sxtb	r0, r0
	LDRB	R1,[R6,#1]
2000000e:	7871      	ldrb	r1, [r6, #1]
	SXTB	R1,R1
20000010:	b249      	sxtb	r1, r1
	ADD	R0,R0,R1
20000012:	1840      	adds	r0, r0, r1
	STRH	R0,[R5]
20000014:	8028      	strh	r0, [r5, #0]
20000016:	e7f8      	b.n	2000000a <main>
20000018:	55555555 	.word	0x55555555
2000001c:	40020c00 	.word	0x40020c00
20000020:	40020c14 	.word	0x40020c14
20000024:	40021010 	.word	0x40021010