
mom5.elf:     file format elf32-littlearm


Disassembly of section .text:

20000000 <start>:
@
@	MOM5.asm
@

start:	LDR	R6,=0x55555555	@ init port D som utport
20000000:	4e05      	ldr	r6, [pc, #20]	; (20000018 <main+0xe>)
	LDR	R5,=0x40020C00	@ ---||---
20000002:	4d06      	ldr	r5, [pc, #24]	; (2000001c <main+0x12>)
	STR	R6,[R5]
20000004:	602e      	str	r6, [r5, #0]

	LDR	R5,=0x40020C14	@ Adressen till port D:s ut-dataregister till R5
20000006:	4d06      	ldr	r5, [pc, #24]	; (20000020 <main+0x16>)
	LDR	R6,=0x40021010	@ Adressen till port E:s in-dataregister till R6
20000008:	4e06      	ldr	r6, [pc, #24]	; (20000024 <main+0x1a>)

2000000a <main>:

main:	LDR	R2,=0
2000000a:	4a07      	ldr	r2, [pc, #28]	; (20000028 <main+0x1e>)
	LDRSB	R0,[R6,R2]	@ Läs PE0-E7
2000000c:	56b0      	ldrsb	r0, [r6, r2]
	LDR	R2,=1
2000000e:	4a07      	ldr	r2, [pc, #28]	; (2000002c <main+0x22>)
	LDRSB	R1,[R2,R6]	@ Läs PE8-15
20000010:	5791      	ldrsb	r1, [r2, r6]
	ADD	R0,R0,R1
20000012:	1840      	adds	r0, r0, r1
	STRH	R0,[R5]
20000014:	8028      	strh	r0, [r5, #0]
20000016:	e7f8      	b.n	2000000a <main>
20000018:	55555555 	.word	0x55555555
2000001c:	40020c00 	.word	0x40020c00
20000020:	40020c14 	.word	0x40020c14
20000024:	40021010 	.word	0x40021010
20000028:	00000000 	.word	0x00000000
2000002c:	00000001 	.word	0x00000001

20000030 <__bss_end__>:
	...

20001000 <heap_low>:
	...

20001800 <heap_top>:
	...